<?xml version="1.0" encoding="UTF-8"?>
<!-- Generated by org.testng.reporters.JUnitReportReporter -->
<testsuite hostname="AGRNT-WS-002" failures="0" tests="1" name="Test1.sample3" time="0.001" errors="0" timestamp="2022-08-12T14:53:31 IST" skipped="0">
  <testcase classname="Test1.sample3" name="sample303" time="0.001"/>
  <system-out/>
</testsuite> <!-- Test1.sample3 -->
