<?xml version="1.0" encoding="UTF-8"?>
<!-- Generated by org.testng.reporters.JUnitReportReporter -->
<testsuite hostname="AGRNT-WS-002" failures="0" tests="3" name="Test2.DataProviderr" time="0.000" errors="0" timestamp="2022-08-12T12:35:03 IST" skipped="0">
  <testcase classname="Test2.DataProviderr" name="m1" time="0.000"/>
  <system-out/>
  <testcase classname="Test2.DataProviderr" name="m1" time="0.000"/>
  <system-out/>
  <testcase classname="Test2.DataProviderr" name="m1" time="0.000"/>
  <system-out/>
</testsuite> <!-- Test2.DataProviderr -->
