<?xml version="1.0" encoding="UTF-8"?>
<!-- Generated by org.testng.reporters.JUnitReportReporter -->
<testsuite hostname="AGRNT-WS-002" failures="0" tests="2" name="Test1.sample2" time="0.000" errors="0" timestamp="2022-08-12T14:53:31 IST" skipped="0">
  <testcase classname="Test1.sample2" name="sample201" time="0.000"/>
  <system-out/>
  <testcase classname="Test1.sample2" name="sample202" time="0.000"/>
  <system-out/>
</testsuite> <!-- Test1.sample2 -->
