<?xml version="1.0" encoding="UTF-8"?>
<!-- Generated by org.testng.reporters.JUnitReportReporter -->
<testsuite hostname="AGRNT-WS-002" failures="0" tests="3" name="Test1.sample4" time="0.001" errors="0" timestamp="2022-08-12T12:35:03 IST" skipped="0">
  <testcase classname="Test1.sample4" name="sample404" time="0.000"/>
  <system-out/>
  <testcase classname="Test1.sample4" name="sampple401" time="0.001"/>
  <system-out/>
  <testcase classname="Test1.sample4" name="sample402" time="0.000"/>
  <system-out/>
</testsuite> <!-- Test1.sample4 -->
